生成启动时间为 2015/6/23 9:18:04。
     1>项目“F:\DirectX\My Demo\OBJConverter\OBJConverter.vcxproj”在节点 2 上(Build 个目标)。
     1>ClCompile:
         E:\Program Files (x86)\Microsoft Visual Studio 12.0\VC\bin\CL.exe /c /ZI /nologo /W4 /WX- /Od /Oy- /D WIN32 /D _DEBUG /D _CONSOLE /D _LIB /D _UNICODE /D UNICODE /Gm /EHsc /RTC1 /MDd /GS /fp:precise /Zc:wchar_t /Zc:forScope /Fo"Debug\\" /Fd"Debug\vc120.pdb" /Gd /TP /analyze- /errorReport:prompt main.cpp
         main.cpp
     1>f:\directx\my demo\objconverter\main.cpp(45): warning C4996: 'sscanf': This function or variable may be unsafe. Consider using sscanf_s instead. To disable deprecation, use _CRT_SECURE_NO_WARNINGS. See online help for details.
                 e:\program files (x86)\microsoft visual studio 12.0\vc\include\stdio.h(304) : 参见“sscanf”的声明
     1>f:\directx\my demo\objconverter\main.cpp(47): warning C4996: 'fopen': This function or variable may be unsafe. Consider using fopen_s instead. To disable deprecation, use _CRT_SECURE_NO_WARNINGS. See online help for details.
                 e:\program files (x86)\microsoft visual studio 12.0\vc\include\stdio.h(211) : 参见“fopen”的声明
     1>f:\directx\my demo\objconverter\main.cpp(65): warning C4996: 'fscanf': This function or variable may be unsafe. Consider using fscanf_s instead. To disable deprecation, use _CRT_SECURE_NO_WARNINGS. See online help for details.
                 e:\program files (x86)\microsoft visual studio 12.0\vc\include\stdio.h(230) : 参见“fscanf”的声明
     1>f:\directx\my demo\objconverter\main.cpp(70): warning C4996: 'fscanf': This function or variable may be unsafe. Consider using fscanf_s instead. To disable deprecation, use _CRT_SECURE_NO_WARNINGS. See online help for details.
                 e:\program files (x86)\microsoft visual studio 12.0\vc\include\stdio.h(230) : 参见“fscanf”的声明
     1>f:\directx\my demo\objconverter\main.cpp(86): warning C4996: 'fscanf': This function or variable may be unsafe. Consider using fscanf_s instead. To disable deprecation, use _CRT_SECURE_NO_WARNINGS. See online help for details.
                 e:\program files (x86)\microsoft visual studio 12.0\vc\include\stdio.h(230) : 参见“fscanf”的声明
     1>f:\directx\my demo\objconverter\main.cpp(96): warning C4996: 'fscanf': This function or variable may be unsafe. Consider using fscanf_s instead. To disable deprecation, use _CRT_SECURE_NO_WARNINGS. See online help for details.
                 e:\program files (x86)\microsoft visual studio 12.0\vc\include\stdio.h(230) : 参见“fscanf”的声明
     1>f:\directx\my demo\objconverter\main.cpp(108): warning C4996: 'fscanf': This function or variable may be unsafe. Consider using fscanf_s instead. To disable deprecation, use _CRT_SECURE_NO_WARNINGS. See online help for details.
                 e:\program files (x86)\microsoft visual studio 12.0\vc\include\stdio.h(230) : 参见“fscanf”的声明
     1>f:\directx\my demo\objconverter\main.cpp(110): warning C4996: 'sscanf': This function or variable may be unsafe. Consider using sscanf_s instead. To disable deprecation, use _CRT_SECURE_NO_WARNINGS. See online help for details.
                 e:\program files (x86)\microsoft visual studio 12.0\vc\include\stdio.h(304) : 参见“sscanf”的声明
     1>f:\directx\my demo\objconverter\main.cpp(119): warning C4996: 'fscanf': This function or variable may be unsafe. Consider using fscanf_s instead. To disable deprecation, use _CRT_SECURE_NO_WARNINGS. See online help for details.
                 e:\program files (x86)\microsoft visual studio 12.0\vc\include\stdio.h(230) : 参见“fscanf”的声明
     1>f:\directx\my demo\objconverter\main.cpp(121): warning C4996: 'sscanf': This function or variable may be unsafe. Consider using sscanf_s instead. To disable deprecation, use _CRT_SECURE_NO_WARNINGS. See online help for details.
                 e:\program files (x86)\microsoft visual studio 12.0\vc\include\stdio.h(304) : 参见“sscanf”的声明
     1>f:\directx\my demo\objconverter\main.cpp(123): warning C4996: 'sscanf': This function or variable may be unsafe. Consider using sscanf_s instead. To disable deprecation, use _CRT_SECURE_NO_WARNINGS. See online help for details.
                 e:\program files (x86)\microsoft visual studio 12.0\vc\include\stdio.h(304) : 参见“sscanf”的声明
     1>f:\directx\my demo\objconverter\main.cpp(131): warning C4996: 'fscanf': This function or variable may be unsafe. Consider using fscanf_s instead. To disable deprecation, use _CRT_SECURE_NO_WARNINGS. See online help for details.
                 e:\program files (x86)\microsoft visual studio 12.0\vc\include\stdio.h(230) : 参见“fscanf”的声明
     1>f:\directx\my demo\objconverter\main.cpp(133): warning C4996: 'sscanf': This function or variable may be unsafe. Consider using sscanf_s instead. To disable deprecation, use _CRT_SECURE_NO_WARNINGS. See online help for details.
                 e:\program files (x86)\microsoft visual studio 12.0\vc\include\stdio.h(304) : 参见“sscanf”的声明
     1>f:\directx\my demo\objconverter\main.cpp(135): warning C4996: 'sscanf': This function or variable may be unsafe. Consider using sscanf_s instead. To disable deprecation, use _CRT_SECURE_NO_WARNINGS. See online help for details.
                 e:\program files (x86)\microsoft visual studio 12.0\vc\include\stdio.h(304) : 参见“sscanf”的声明
     1>f:\directx\my demo\objconverter\main.cpp(171): warning C4996: 'strtok': This function or variable may be unsafe. Consider using strtok_s instead. To disable deprecation, use _CRT_SECURE_NO_WARNINGS. See online help for details.
                 e:\program files (x86)\microsoft visual studio 12.0\vc\include\string.h(204) : 参见“strtok”的声明
     1>f:\directx\my demo\objconverter\main.cpp(172): warning C4996: 'strcat': This function or variable may be unsafe. Consider using strcat_s instead. To disable deprecation, use _CRT_SECURE_NO_WARNINGS. See online help for details.
                 e:\program files (x86)\microsoft visual studio 12.0\vc\include\string.h(118) : 参见“strcat”的声明
       Link:
         E:\Program Files (x86)\Microsoft Visual Studio 12.0\VC\bin\link.exe /ERRORREPORT:PROMPT /OUT:"F:\DirectX\My Demo\Debug\OBJConverter.exe" /INCREMENTAL /NOLOGO kernel32.lib user32.lib gdi32.lib winspool.lib comdlg32.lib advapi32.lib shell32.lib ole32.lib oleaut32.lib uuid.lib odbc32.lib odbccp32.lib /MANIFEST /MANIFESTUAC:"level='asInvoker' uiAccess='false'" /manifest:embed /DEBUG /PDB:"F:\DirectX\My Demo\Debug\OBJConverter.pdb" /SUBSYSTEM:CONSOLE /TLBID:1 /DYNAMICBASE /NXCOMPAT /IMPLIB:"F:\DirectX\My Demo\Debug\OBJConverter.lib" /MACHINE:X86 Debug\main.obj
         OBJConverter.vcxproj -> F:\DirectX\My Demo\Debug\OBJConverter.exe
     1>已完成生成项目“F:\DirectX\My Demo\OBJConverter\OBJConverter.vcxproj”(Build 个目标)的操作。

生成成功。

已用时间 00:00:01.80
