生成启动时间为 2015/8/25 16:22:54。
     1>项目“C:\Users\Banzai_Game_002\Git Project\DirectX11Engine\DirectX11Engine\DirectX11Engine.vcxproj”在节点 2 上(Build 个目标)。
     1>ClCompile:
         D:\Program Files (x86)\Microsoft Visual Studio 12.0\VC\bin\CL.exe /c /ZI /nologo /W4 /WX- /sdl /Oy- /D _MBCS /Gm /EHsc /RTC1 /MDd /GS /fp:precise /Zc:wchar_t /Zc:forScope /Fo"Debug\\" /Fd"Debug\vc120.pdb" /Gd /TP /analyze- /errorReport:prompt MyDemo.cpp
         MyDemo.cpp
         c:\program files (x86)\windows kits\8.1\include\um\dinput.h: DIRECTINPUT_VERSION undefined. Defaulting to version 0x0800
     1>c:\users\banzai_game_002\git project\directx11engine\directx11engine\mydemo.cpp(55): warning C4100: “dt”: 未引用的形参
     1>c:\users\banzai_game_002\git project\directx11engine\directx11engine\mydemo.cpp(66): warning C4100: “dt”: 未引用的形参
       Link:
         D:\Program Files (x86)\Microsoft Visual Studio 12.0\VC\bin\link.exe /ERRORREPORT:PROMPT /OUT:"C:\Users\Banzai_Game_002\Git Project\DirectX11Engine\Debug\DirectX11Engine.exe" /INCREMENTAL /NOLOGO d3dcompiler.lib dinput8.lib dxguid.lib d3d11.lib d3dx11.lib dxerr.lib kernel32.lib user32.lib gdi32.lib winspool.lib comdlg32.lib advapi32.lib shell32.lib ole32.lib oleaut32.lib uuid.lib odbc32.lib odbccp32.lib kernel32.lib user32.lib gdi32.lib winspool.lib comdlg32.lib advapi32.lib shell32.lib ole32.lib oleaut32.lib uuid.lib odbc32.lib odbccp32.lib /MANIFEST /MANIFESTUAC:"level='asInvoker' uiAccess='false'" /manifest:embed /DEBUG /PDB:"C:\Users\Banzai_Game_002\Git Project\DirectX11Engine\Debug\DirectX11Engine.pdb" /TLBID:1 /DYNAMICBASE /NXCOMPAT /IMPLIB:"C:\Users\Banzai_Game_002\Git Project\DirectX11Engine\Debug\DirectX11Engine.lib" /MACHINE:X86 Debug\DepthStencilState.obj
         Debug\DirectX11Game.obj
         Debug\Effect.obj
         Debug\Camera.obj
         Debug\Mesh.obj
         Debug\MyDemo.obj
         Debug\RasterizerState.obj
         Debug\Sprite.obj
         Debug\SpriteFont.obj
         Debug\BlendState.obj
         Debug\Texture2D.obj
         Debug\WinMain.obj
         DirectX11Engine.vcxproj -> C:\Users\Banzai_Game_002\Git Project\DirectX11Engine\Debug\DirectX11Engine.exe
     1>已完成生成项目“C:\Users\Banzai_Game_002\Git Project\DirectX11Engine\DirectX11Engine\DirectX11Engine.vcxproj”(Build 个目标)的操作。

生成成功。

已用时间 00:00:01.56
