f:\largeproject\directx11engine\directx11engine\debug\vc120.pdb
c:\users\banzai_game_002\git project\directx11engine\directx11engine\debug\vc120.pdb
c:\users\banzai_game_002\git project\directx11engine\directx11engine\debug\vc120.idb
c:\users\banzai_game_002\git project\directx11engine\directx11engine\debug\depthstencilstate.obj
c:\users\banzai_game_002\git project\directx11engine\directx11engine\debug\effect.obj
c:\users\banzai_game_002\git project\directx11engine\directx11engine\debug\rasterizerstate.obj
c:\users\banzai_game_002\git project\directx11engine\directx11engine\debug\blendstate.obj
c:\users\banzai_game_002\git project\directx11engine\directx11engine\debug\camera.obj
c:\users\banzai_game_002\git project\directx11engine\directx11engine\debug\directx11game.obj
c:\users\banzai_game_002\git project\directx11engine\directx11engine\debug\mesh.obj
c:\users\banzai_game_002\git project\directx11engine\directx11engine\debug\mydemo.obj
c:\users\banzai_game_002\git project\directx11engine\directx11engine\debug\sprite.obj
c:\users\banzai_game_002\git project\directx11engine\directx11engine\debug\spritefont.obj
c:\users\banzai_game_002\git project\directx11engine\directx11engine\debug\texture2d.obj
c:\users\banzai_game_002\git project\directx11engine\directx11engine\debug\winmain.obj
f:\largeproject\directx11engine\debug\directx11engine.ilk
f:\largeproject\directx11engine\debug\directx11engine.exe
f:\largeproject\directx11engine\debug\directx11engine.pdb
c:\users\banzai_game_002\git project\directx11engine\debug\directx11engine.ilk
c:\users\banzai_game_002\git project\directx11engine\debug\directx11engine.exe
c:\users\banzai_game_002\git project\directx11engine\debug\directx11engine.pdb
c:\users\banzai_game_002\git project\directx11engine\directx11engine\debug\directx11engine.tlog\cl.command.1.tlog
c:\users\banzai_game_002\git project\directx11engine\directx11engine\debug\directx11engine.tlog\cl.read.1.tlog
c:\users\banzai_game_002\git project\directx11engine\directx11engine\debug\directx11engine.tlog\cl.write.1.tlog
c:\users\banzai_game_002\git project\directx11engine\directx11engine\debug\directx11engine.tlog\link.command.1.tlog
c:\users\banzai_game_002\git project\directx11engine\directx11engine\debug\directx11engine.tlog\link.read.1.tlog
c:\users\banzai_game_002\git project\directx11engine\directx11engine\debug\directx11engine.tlog\link.write.1.tlog
